<?xml version="1.0" encoding="UTF-8"?>
<!-- Generated by org.testng.reporters.JUnitReportReporter -->
<testsuite hostname="DESKTOP-BT9VRL9" failures="0" tests="3" name="testing.Application" time="0.010" errors="0" timestamp="2023-09-11T14:03:33 IST" skipped="1">
  <testcase classname="testing.Application" name="AddEmployee" time="0.008"/>
  <testcase classname="testing.Application" name="UpdateEmployee" time="0.002"/>
  <testcase classname="testing.Application" name="DeleteEmployee">
    <skipped/>
  </testcase> <!-- DeleteEmployee -->
</testsuite> <!-- testing.Application -->
