<?xml version="1.0" encoding="UTF-8"?>
<!-- Generated by org.testng.reporters.JUnitReportReporter -->
<testsuite hostname="DESKTOP-BT9VRL9" failures="0" tests="2" name="testing.OrangeHrmLogin" time="26.467" errors="0" timestamp="2023-09-12T09:35:05 IST" skipped="0">
  <testcase classname="testing.OrangeHrmLogin" name="AdminPage" time="12.293"/>
  <testcase classname="testing.OrangeHrmLogin" name="LeavePage" time="14.174"/>
</testsuite> <!-- testing.OrangeHrmLogin -->
