<?xml version="1.0" encoding="UTF-8"?>
<!-- Generated by org.testng.reporters.JUnitReportReporter -->
<testsuite hostname="DESKTOP-BT9VRL9" failures="0" tests="3" name="testing.ERPAppliction" time="0.005" errors="0" timestamp="2023-09-11T12:07:08 IST" skipped="1">
  <testcase classname="testing.ERPAppliction" name="AddEmployees" time="0.004"/>
  <testcase classname="testing.ERPAppliction" name="Updateemployee" time="0.001"/>
  <testcase classname="testing.ERPAppliction" name="DeleteEmployee">
    <skipped/>
  </testcase> <!-- DeleteEmployee -->
</testsuite> <!-- testing.ERPAppliction -->
